# JRE version: Java(TM) SE Runtime Environment (17.0.12+8) (build 17.0.12+8-LTS-286)
# Java VM: Java HotSpot(TM) 64-Bit Server VM (17.0.12+8-LTS-286, mixed mode, sharing, tiered, compressed oops, compressed class ptrs, g1 gc, windows-amd64)
GC Precious Log:
 CPUs: 4 total, 4 available
 Memory: 8107M
 Large Page Support: Disabled
 NUMA Support: Disabled
 Compressed Oops: Enabled (32-bit)
 Heap Region Size: 1M
 Heap Min Capacity: 256M
 Heap Initial Capacity: 256M
 Heap Max Capacity: 512M
 Pre-touch: Disabled
 Parallel Workers: 4
 Concurrent Workers: 1
 Concurrent Refinement Workers: 4
 Periodic GC: Disabled
Heap:
 garbage-first heap   total 262144K, used 175358K [0x00000000e0000000, 0x0000000100000000)
  region size 1024K, 33 young (33792K), 6 survivors (6144K)
 Metaspace       used 75231K, committed 76160K, reserved 458752K
  class space    used 9834K, committed 10304K, reserved 327680K
GC Heap History (20 events):
Event: 528.583 GC heap before
{Heap before GC invocations=37 (full 0):
 garbage-first heap   total 262144K, used 206830K [0x00000000e0000000, 0x0000000100000000)
  region size 1024K, 100 young (102400K), 1 survivors (1024K)
 Metaspace       used 72903K, committed 74176K, reserved 393216K
  class space    used 9613K, committed 10176K, reserved 327680K
}
Event: 528.592 GC heap after
{Heap after GC invocations=38 (full 0):
 garbage-first heap   total 262144K, used 107199K [0x00000000e0000000, 0x0000000100000000)
  region size 1024K, 3 young (3072K), 3 survivors (3072K)
 Metaspace       used 72903K, committed 74176K, reserved 393216K
  class space    used 9613K, committed 10176K, reserved 327680K
}
Event: 616.935 GC heap before
{Heap before GC invocations=38 (full 0):
 garbage-first heap   total 262144K, used 210623K [0x00000000e0000000, 0x0000000100000000)
  region size 1024K, 104 young (106496K), 3 survivors (3072K)
 Metaspace       used 73050K, committed 74176K, reserved 393216K
  class space    used 9616K, committed 10176K, reserved 327680K
}
Event: 617.091 GC heap after
{Heap after GC invocations=39 (full 0):
 garbage-first heap   total 262144K, used 108978K [0x00000000e0000000, 0x0000000100000000)
  region size 1024K, 5 young (5120K), 5 survivors (5120K)
 Metaspace       used 73050K, committed 74176K, reserved 393216K
  class space    used 9616K, committed 10176K, reserved 327680K
}
Event: 641.115 GC heap before
{Heap before GC invocations=39 (full 0):
 garbage-first heap   total 262144K, used 212402K [0x00000000e0000000, 0x0000000100000000)
  region size 1024K, 107 young (109568K), 5 survivors (5120K)
 Metaspace       used 73158K, committed 74176K, reserved 393216K
  class space    used 9617K, committed 10176K, reserved 327680K
}
Event: 641.168 GC heap after
{Heap after GC invocations=40 (full 0):
 garbage-first heap   total 262144K, used 117480K [0x00000000e0000000, 0x0000000100000000)
  region size 1024K, 13 young (13312K), 13 survivors (13312K)
 Metaspace       used 73158K, committed 74176K, reserved 393216K
  class space    used 9617K, committed 10176K, reserved 327680K
}
Event: 648.923 GC heap before
{Heap before GC invocations=40 (full 0):
 garbage-first heap   total 262144K, used 186088K [0x00000000e0000000, 0x0000000100000000)
  region size 1024K, 80 young (81920K), 13 survivors (13312K)
 Metaspace       used 73346K, committed 74368K, reserved 393216K
  class space    used 9627K, committed 10176K, reserved 327680K
}
Event: 649.410 GC heap after
{Heap after GC invocations=41 (full 0):
 garbage-first heap   total 262144K, used 124194K [0x00000000e0000000, 0x0000000100000000)
  region size 1024K, 10 young (10240K), 10 survivors (10240K)
 Metaspace       used 73346K, committed 74368K, reserved 393216K
  class space    used 9627K, committed 10176K, reserved 327680K
}
Event: 649.903 GC heap before
{Heap before GC invocations=41 (full 0):
 garbage-first heap   total 262144K, used 132386K [0x00000000e0000000, 0x0000000100000000)
  region size 1024K, 18 young (18432K), 10 survivors (10240K)
 Metaspace       used 73354K, committed 74368K, reserved 393216K
  class space    used 9627K, committed 10176K, reserved 327680K
}
Event: 649.949 GC heap after
{Heap after GC invocations=42 (full 0):
 garbage-first heap   total 262144K, used 128000K [0x00000000e0000000, 0x0000000100000000)
  region size 1024K, 3 young (3072K), 3 survivors (3072K)
 Metaspace       used 73354K, committed 74368K, reserved 393216K
  class space    used 9627K, committed 10176K, reserved 327680K
}
Event: 651.716 GC heap before
{Heap before GC invocations=42 (full 0):
 garbage-first heap   total 262144K, used 159744K [0x00000000e0000000, 0x0000000100000000)
  region size 1024K, 34 young (34816K), 3 survivors (3072K)
 Metaspace       used 73359K, committed 74368K, reserved 393216K
  class space    used 9627K, committed 10176K, reserved 327680K
}
Event: 651.745 GC heap after
{Heap after GC invocations=43 (full 0):
 garbage-first heap   total 262144K, used 137045K [0x00000000e0000000, 0x0000000100000000)
  region size 1024K, 5 young (5120K), 5 survivors (5120K)
 Metaspace       used 73359K, committed 74368K, reserved 393216K
  class space    used 9627K, committed 10176K, reserved 327680K
}
Event: 654.160 GC heap before
{Heap before GC invocations=43 (full 0):
 garbage-first heap   total 262144K, used 169813K [0x00000000e0000000, 0x0000000100000000)
  region size 1024K, 38 young (38912K), 5 survivors (5120K)
 Metaspace       used 74058K, committed 74944K, reserved 393216K
  class space    used 9719K, committed 10176K, reserved 327680K
}
Event: 654.207 GC heap after
{Heap after GC invocations=44 (full 0):
 garbage-first heap   total 262144K, used 140843K [0x00000000e0000000, 0x0000000100000000)
  region size 1024K, 4 young (4096K), 4 survivors (4096K)
 Metaspace       used 74058K, committed 74944K, reserved 393216K
  class space    used 9719K, committed 10176K, reserved 327680K
}
Event: 656.868 GC heap before
{Heap before GC invocations=44 (full 0):
 garbage-first heap   total 262144K, used 196139K [0x00000000e0000000, 0x0000000100000000)
  region size 1024K, 58 young (59392K), 4 survivors (4096K)
 Metaspace       used 75016K, committed 75968K, reserved 458752K
  class space    used 9814K, committed 10304K, reserved 327680K
}
Event: 656.883 GC heap after
{Heap after GC invocations=45 (full 0):
 garbage-first heap   total 262144K, used 142824K [0x00000000e0000000, 0x0000000100000000)
  region size 1024K, 6 young (6144K), 6 survivors (6144K)
 Metaspace       used 75016K, committed 75968K, reserved 458752K
  class space    used 9814K, committed 10304K, reserved 327680K
}
Event: 659.054 GC heap before
{Heap before GC invocations=45 (full 0):
 garbage-first heap   total 262144K, used 203240K [0x00000000e0000000, 0x0000000100000000)
  region size 1024K, 65 young (66560K), 6 survivors (6144K)
 Metaspace       used 75184K, committed 76096K, reserved 458752K
  class space    used 9833K, committed 10304K, reserved 327680K
}
Event: 659.079 GC heap after
{Heap after GC invocations=46 (full 0):
 garbage-first heap   total 262144K, used 145797K [0x00000000e0000000, 0x0000000100000000)
  region size 1024K, 5 young (5120K), 5 survivors (5120K)
 Metaspace       used 75184K, committed 76096K, reserved 458752K
  class space    used 9833K, committed 10304K, reserved 327680K
}
Event: 661.565 GC heap before
{Heap before GC invocations=46 (full 0):
 garbage-first heap   total 262144K, used 208261K [0x00000000e0000000, 0x0000000100000000)
  region size 1024K, 66 young (67584K), 5 survivors (5120K)
 Metaspace       used 75229K, committed 76160K, reserved 458752K
  class space    used 9834K, committed 10304K, reserved 327680K
}
Event: 661.580 GC heap after
{Heap after GC invocations=47 (full 0):
 garbage-first heap   total 262144K, used 148734K [0x00000000e0000000, 0x0000000100000000)
  region size 1024K, 6 young (6144K), 6 survivors (6144K)
 Metaspace       used 75229K, committed 76160K, reserved 458752K
  class space    used 9834K, committed 10304K, reserved 327680K
}

