# JRE version: Java(TM) SE Runtime Environment (17.0.12+8) (build 17.0.12+8-LTS-286)
# Java VM: Java HotSpot(TM) 64-Bit Server VM (17.0.12+8-LTS-286, mixed mode, sharing, tiered, compressed oops, compressed class ptrs, g1 gc, windows-amd64)
GC Precious Log:
 CPUs: 4 total, 4 available
 Memory: 8107M
 Large Page Support: Disabled
 NUMA Support: Disabled
 Compressed Oops: Enabled (32-bit)
 Heap Region Size: 1M
 Heap Min Capacity: 256M
 Heap Initial Capacity: 256M
 Heap Max Capacity: 512M
 Pre-touch: Disabled
 Parallel Workers: 4
 Concurrent Workers: 1
 Concurrent Refinement Workers: 4
 Periodic GC: Disabled
Heap:
 garbage-first heap   total 262144K, used 191478K [0x00000000e0000000, 0x0000000100000000)
  region size 1024K, 145 young (148480K), 11 survivors (11264K)
 Metaspace       used 67914K, committed 68608K, reserved 393216K
  class space    used 9198K, committed 9536K, reserved 327680K
GC Heap History (18 events):
Event: 2.797 GC heap before
{Heap before GC invocations=0 (full 0):
 garbage-first heap   total 262144K, used 13312K [0x00000000e0000000, 0x0000000100000000)
  region size 1024K, 13 young (13312K), 0 survivors (0K)
 Metaspace       used 815K, committed 896K, reserved 393216K
  class space    used 66K, committed 128K, reserved 327680K
}
Event: 2.875 GC heap after
{Heap after GC invocations=1 (full 0):
 garbage-first heap   total 262144K, used 1412K [0x00000000e0000000, 0x0000000100000000)
  region size 1024K, 2 young (2048K), 2 survivors (2048K)
 Metaspace       used 815K, committed 896K, reserved 393216K
  class space    used 66K, committed 128K, reserved 327680K
}
Event: 5.435 GC heap before
{Heap before GC invocations=1 (full 0):
 garbage-first heap   total 262144K, used 21892K [0x00000000e0000000, 0x0000000100000000)
  region size 1024K, 20 young (20480K), 2 survivors (2048K)
 Metaspace       used 2548K, committed 2752K, reserved 393216K
  class space    used 275K, committed 384K, reserved 327680K
}
Event: 5.442 GC heap after
{Heap after GC invocations=2 (full 0):
 garbage-first heap   total 262144K, used 9753K [0x00000000e0000000, 0x0000000100000000)
  region size 1024K, 3 young (3072K), 3 survivors (3072K)
 Metaspace       used 2548K, committed 2752K, reserved 393216K
  class space    used 275K, committed 384K, reserved 327680K
}
Event: 45.325 GC heap before
{Heap before GC invocations=2 (full 0):
 garbage-first heap   total 262144K, used 165401K [0x00000000e0000000, 0x0000000100000000)
  region size 1024K, 153 young (156672K), 3 survivors (3072K)
 Metaspace       used 18556K, committed 18880K, reserved 393216K
  class space    used 2676K, committed 2816K, reserved 327680K
}
Event: 45.346 GC heap after
{Heap after GC invocations=3 (full 0):
 garbage-first heap   total 262144K, used 21864K [0x00000000e0000000, 0x0000000100000000)
  region size 1024K, 14 young (14336K), 14 survivors (14336K)
 Metaspace       used 18556K, committed 18880K, reserved 393216K
  class space    used 2676K, committed 2816K, reserved 327680K
}
Event: 54.509 GC heap before
{Heap before GC invocations=3 (full 0):
 garbage-first heap   total 262144K, used 44392K [0x00000000e0000000, 0x0000000100000000)
  region size 1024K, 38 young (38912K), 14 survivors (14336K)
 Metaspace       used 21174K, committed 21504K, reserved 393216K
  class space    used 3085K, committed 3264K, reserved 327680K
}
Event: 54.530 GC heap after
{Heap after GC invocations=4 (full 0):
 garbage-first heap   total 262144K, used 24234K [0x00000000e0000000, 0x0000000100000000)
  region size 1024K, 3 young (3072K), 3 survivors (3072K)
 Metaspace       used 21174K, committed 21504K, reserved 393216K
  class space    used 3085K, committed 3264K, reserved 327680K
}
Event: 70.213 GC heap before
{Heap before GC invocations=5 (full 0):
 garbage-first heap   total 262144K, used 145066K [0x00000000e0000000, 0x0000000100000000)
  region size 1024K, 118 young (120832K), 3 survivors (3072K)
 Metaspace       used 35546K, committed 35968K, reserved 393216K
  class space    used 4926K, committed 5120K, reserved 327680K
}
Event: 70.307 GC heap after
{Heap after GC invocations=6 (full 0):
 garbage-first heap   total 262144K, used 31632K [0x00000000e0000000, 0x0000000100000000)
  region size 1024K, 10 young (10240K), 10 survivors (10240K)
 Metaspace       used 35546K, committed 35968K, reserved 393216K
  class space    used 4926K, committed 5120K, reserved 327680K
}
Event: 89.400 GC heap before
{Heap before GC invocations=7 (full 0):
 garbage-first heap   total 262144K, used 116624K [0x00000000e0000000, 0x0000000100000000)
  region size 1024K, 92 young (94208K), 10 survivors (10240K)
 Metaspace       used 44537K, committed 44992K, reserved 393216K
  class space    used 6272K, committed 6464K, reserved 327680K
}
Event: 89.420 GC heap after
{Heap after GC invocations=8 (full 0):
 garbage-first heap   total 262144K, used 35922K [0x00000000e0000000, 0x0000000100000000)
  region size 1024K, 5 young (5120K), 5 survivors (5120K)
 Metaspace       used 44537K, committed 44992K, reserved 393216K
  class space    used 6272K, committed 6464K, reserved 327680K
}
Event: 131.854 GC heap before
{Heap before GC invocations=8 (full 0):
 garbage-first heap   total 262144K, used 187474K [0x00000000e0000000, 0x0000000100000000)
  region size 1024K, 153 young (156672K), 5 survivors (5120K)
 Metaspace       used 53798K, committed 54400K, reserved 393216K
  class space    used 7577K, committed 7872K, reserved 327680K
}
Event: 132.046 GC heap after
{Heap after GC invocations=9 (full 0):
 garbage-first heap   total 262144K, used 45886K [0x00000000e0000000, 0x0000000100000000)
  region size 1024K, 15 young (15360K), 15 survivors (15360K)
 Metaspace       used 53798K, committed 54400K, reserved 393216K
  class space    used 7577K, committed 7872K, reserved 327680K
}
Event: 166.572 GC heap before
{Heap before GC invocations=9 (full 0):
 garbage-first heap   total 262144K, used 117566K [0x00000000e0000000, 0x0000000100000000)
  region size 1024K, 85 young (87040K), 15 survivors (15360K)
 Metaspace       used 54972K, committed 55616K, reserved 393216K
  class space    used 7619K, committed 7936K, reserved 327680K
}
Event: 166.620 GC heap after
{Heap after GC invocations=10 (full 0):
 garbage-first heap   total 262144K, used 51968K [0x00000000e0000000, 0x0000000100000000)
  region size 1024K, 8 young (8192K), 8 survivors (8192K)
 Metaspace       used 54972K, committed 55616K, reserved 393216K
  class space    used 7619K, committed 7936K, reserved 327680K
}
Event: 186.731 GC heap before
{Heap before GC invocations=10 (full 0):
 garbage-first heap   total 262144K, used 174848K [0x00000000e0000000, 0x0000000100000000)
  region size 1024K, 130 young (133120K), 8 survivors (8192K)
 Metaspace       used 59831K, committed 60416K, reserved 393216K
  class space    used 8308K, committed 8576K, reserved 327680K
}
Event: 186.753 GC heap after
{Heap after GC invocations=11 (full 0):
 garbage-first heap   total 262144K, used 55286K [0x00000000e0000000, 0x0000000100000000)
  region size 1024K, 11 young (11264K), 11 survivors (11264K)
 Metaspace       used 59831K, committed 60416K, reserved 393216K
  class space    used 8308K, committed 8576K, reserved 327680K
}

